<?xml version="1.0" encoding="UTF-8" ?>
<testsuite tests="1" failures="0" name="com.test.user.UserTest" time="3.378" errors="1" skipped="0">
  <properties>
[...]
</properties>
  <testcase classname="com.test.user.UserTest" name="saveUser" time="3.378">
    <error message="Failed to load ApplicationContext" type="java.lang.IllegalStateException">java.lang.IllegalStateException: Failed to load ApplicationContext
	at org.springframework.test.context.CacheAwareContextLoaderDelegate.loadContext(CacheAwareContextLoaderDelegate.java:99)
	at org.springframework.test.context.DefaultTestContext.getApplicationContext(DefaultTestContext.java:101)
	at org.springframework.test.context.web.ServletTestExecutionListener.setUpRequestContextIfNecessary(ServletTestExecutionListener.java:161)
	at org.springframework.test.context.web.ServletTestExecutionListener.prepareTestInstance(ServletTestExecutionListener.java:101)
	at org.springframework.test.context.TestContextManager.prepareTestInstance(TestContextManager.java:331)
	at org.springframework.test.context.junit4.SpringJUnit4ClassRunner.createTest(SpringJUnit4ClassRunner.java:213)
	at org.springframework.test.context.junit4.SpringJUnit4ClassRunner$1.runReflectiveCall(SpringJUnit4ClassRunner.java:290)
	at org.junit.internal.runners.model.ReflectiveCallable.run(ReflectiveCallable.java:15)
	at org.springframework.test.context.junit4.SpringJUnit4ClassRunner.methodBlock(SpringJUnit4ClassRunner.java:292)
	at org.springframework.test.context.junit4.SpringJUnit4ClassRunner.runChild(SpringJUnit4ClassRunner.java:233)
	at org.springframework.test.context.junit4.SpringJUnit4ClassRunner.runChild(SpringJUnit4ClassRunner.java:87)
	at org.junit.runners.ParentRunner$3.run(ParentRunner.java:231)
	at org.junit.runners.ParentRunner$1.schedule(ParentRunner.java:60)
	at org.junit.runners.ParentRunner.runChildren(ParentRunner.java:229)
	at org.junit.runners.ParentRunner.access$000(ParentRunner.java:50)
	at org.junit.runners.ParentRunner$2.evaluate(ParentRunner.java:222)
	at org.springframework.test.context.junit4.statements.RunBeforeTestClassCallbacks.evaluate(RunBeforeTestClassCallbacks.java:61)
	at org.springframework.test.context.junit4.statements.RunAfterTestClassCallbacks.evaluate(RunAfterTestClassCallbacks.java:71)
	at org.junit.runners.ParentRunner.run(ParentRunner.java:300)
	at org.springframework.test.context.junit4.SpringJUnit4ClassRunner.run(SpringJUnit4ClassRunner.java:176)
	at org.apache.maven.surefire.junit4.JUnit4Provider.execute(JUnit4Provider.java:252)
	at org.apache.maven.surefire.junit4.JUnit4Provider.executeTestSet(JUnit4Provider.java:141)
	at org.apache.maven.surefire.junit4.JUnit4Provider.invoke(JUnit4Provider.java:112)
	at sun.reflect.NativeMethodAccessorImpl.invoke0(Native Method)
	at sun.reflect.NativeMethodAccessorImpl.invoke(NativeMethodAccessorImpl.java:62)
	at sun.reflect.DelegatingMethodAccessorImpl.invoke(DelegatingMethodAccessorImpl.java:43)
	at java.lang.reflect.Method.invoke(Method.java:483)
	at org.apache.maven.surefire.util.ReflectionUtils.invokeMethodWithArray(ReflectionUtils.java:189)
	at org.apache.maven.surefire.booter.ProviderFactory$ProviderProxy.invoke(ProviderFactory.java:165)
	at org.apache.maven.surefire.booter.ProviderFactory.invokeProvider(ProviderFactory.java:85)
	at org.apache.maven.surefire.booter.ForkedBooter.runSuitesInProcess(ForkedBooter.java:115)
	at org.apache.maven.surefire.booter.ForkedBooter.main(ForkedBooter.java:75)
Caused by: org.springframework.beans.factory.BeanCreationException: Error creating bean with name &apos;entityManagerFactory&apos; defined in file [F:\eclipse_project\Spring_Data_JPA\target\classes\applicationContext-hibernate.xml]: Cannot create inner bean &apos;org.springframework.orm.jpa.vendor.HibernateJpaVendorAdapter#3ef382&apos; of type [org.springframework.orm.jpa.vendor.HibernateJpaVendorAdapter] while setting bean property &apos;jpaVendorAdapter&apos;; nested exception is org.springframework.beans.factory.BeanCreationException: Error creating bean with name &apos;org.springframework.orm.jpa.vendor.HibernateJpaVendorAdapter#3ef382&apos; defined in file [F:\eclipse_project\Spring_Data_JPA\target\classes\applicationContext-hibernate.xml]: Instantiation of bean failed; nested exception is org.springframework.beans.BeanInstantiationException: Could not instantiate bean class [org.springframework.orm.jpa.vendor.HibernateJpaVendorAdapter]: Constructor threw exception; nested exception is java.lang.NoClassDefFoundError: org/hibernate/ejb/HibernatePersistence
	at org.springframework.beans.factory.support.BeanDefinitionValueResolver.resolveInnerBean(BeanDefinitionValueResolver.java:290)
	at org.springframework.beans.factory.support.BeanDefinitionValueResolver.resolveValueIfNecessary(BeanDefinitionValueResolver.java:122)
	at org.springframework.beans.factory.support.AbstractAutowireCapableBeanFactory.applyPropertyValues(AbstractAutowireCapableBeanFactory.java:1456)
	at org.springframework.beans.factory.support.AbstractAutowireCapableBeanFactory.populateBean(AbstractAutowireCapableBeanFactory.java:1197)
	at org.springframework.beans.factory.support.AbstractAutowireCapableBeanFactory.doCreateBean(AbstractAutowireCapableBeanFactory.java:537)
	at org.springframework.beans.factory.support.AbstractAutowireCapableBeanFactory.createBean(AbstractAutowireCapableBeanFactory.java:475)
	at org.springframework.beans.factory.support.AbstractBeanFactory$1.getObject(AbstractBeanFactory.java:304)
	at org.springframework.beans.factory.support.DefaultSingletonBeanRegistry.getSingleton(DefaultSingletonBeanRegistry.java:228)
	at org.springframework.beans.factory.support.AbstractBeanFactory.doGetBean(AbstractBeanFactory.java:300)
	at org.springframework.beans.factory.support.AbstractBeanFactory.getBean(AbstractBeanFactory.java:195)
	at org.springframework.context.support.AbstractApplicationContext.getBean(AbstractApplicationContext.java:973)
	at org.springframework.context.support.AbstractApplicationContext.finishBeanFactoryInitialization(AbstractApplicationContext.java:750)
	at org.springframework.context.support.AbstractApplicationContext.refresh(AbstractApplicationContext.java:482)
	at org.springframework.test.context.web.AbstractGenericWebContextLoader.loadContext(AbstractGenericWebContextLoader.java:132)
	at org.springframework.test.context.web.AbstractGenericWebContextLoader.loadContext(AbstractGenericWebContextLoader.java:59)
	at org.springframework.test.context.support.AbstractDelegatingSmartContextLoader.delegateLoading(AbstractDelegatingSmartContextLoader.java:100)
	at org.springframework.test.context.support.AbstractDelegatingSmartContextLoader.loadContext(AbstractDelegatingSmartContextLoader.java:250)
	at org.springframework.test.context.CacheAwareContextLoaderDelegate.loadContextInternal(CacheAwareContextLoaderDelegate.java:64)
	at org.springframework.test.context.CacheAwareContextLoaderDelegate.loadContext(CacheAwareContextLoaderDelegate.java:91)
	... 31 more
Caused by: org.springframework.beans.factory.BeanCreationException: Error creating bean with name &apos;org.springframework.orm.jpa.vendor.HibernateJpaVendorAdapter#3ef382&apos; defined in file [F:\eclipse_project\Spring_Data_JPA\target\classes\applicationContext-hibernate.xml]: Instantiation of bean failed; nested exception is org.springframework.beans.BeanInstantiationException: Could not instantiate bean class [org.springframework.orm.jpa.vendor.HibernateJpaVendorAdapter]: Constructor threw exception; nested exception is java.lang.NoClassDefFoundError: org/hibernate/ejb/HibernatePersistence
	at org.springframework.beans.factory.support.AbstractAutowireCapableBeanFactory.instantiateBean(AbstractAutowireCapableBeanFactory.java:1076)
	at org.springframework.beans.factory.support.AbstractAutowireCapableBeanFactory.createBeanInstance(AbstractAutowireCapableBeanFactory.java:1021)
	at org.springframework.beans.factory.support.AbstractAutowireCapableBeanFactory.doCreateBean(AbstractAutowireCapableBeanFactory.java:504)
	at org.springframework.beans.factory.support.AbstractAutowireCapableBeanFactory.createBean(AbstractAutowireCapableBeanFactory.java:475)
	at org.springframework.beans.factory.support.BeanDefinitionValueResolver.resolveInnerBean(BeanDefinitionValueResolver.java:276)
	... 49 more
Caused by: org.springframework.beans.BeanInstantiationException: Could not instantiate bean class [org.springframework.orm.jpa.vendor.HibernateJpaVendorAdapter]: Constructor threw exception; nested exception is java.lang.NoClassDefFoundError: org/hibernate/ejb/HibernatePersistence
	at org.springframework.beans.BeanUtils.instantiateClass(BeanUtils.java:164)
	at org.springframework.beans.factory.support.SimpleInstantiationStrategy.instantiate(SimpleInstantiationStrategy.java:89)
	at org.springframework.beans.factory.support.AbstractAutowireCapableBeanFactory.instantiateBean(AbstractAutowireCapableBeanFactory.java:1069)
	... 53 more
Caused by: java.lang.NoClassDefFoundError: org/hibernate/ejb/HibernatePersistence
	at org.springframework.orm.jpa.vendor.HibernateJpaVendorAdapter.&lt;init&gt;(HibernateJpaVendorAdapter.java:84)
	at sun.reflect.NativeConstructorAccessorImpl.newInstance0(Native Method)
	at sun.reflect.NativeConstructorAccessorImpl.newInstance(NativeConstructorAccessorImpl.java:62)
	at sun.reflect.DelegatingConstructorAccessorImpl.newInstance(DelegatingConstructorAccessorImpl.java:45)
	at java.lang.reflect.Constructor.newInstance(Constructor.java:408)
	at org.springframework.beans.BeanUtils.instantiateClass(BeanUtils.java:148)
	... 55 more
Caused by: java.lang.ClassNotFoundException: org.hibernate.ejb.HibernatePersistence
	at java.net.URLClassLoader$1.run(URLClassLoader.java:372)
	at java.net.URLClassLoader$1.run(URLClassLoader.java:361)
	at java.security.AccessController.doPrivileged(Native Method)
	at java.net.URLClassLoader.findClass(URLClassLoader.java:360)
	at java.lang.ClassLoader.loadClass(ClassLoader.java:424)
	at sun.misc.Launcher$AppClassLoader.loadClass(Launcher.java:308)
	at java.lang.ClassLoader.loadClass(ClassLoader.java:357)
	... 61 more
</error>
    <system-out>[org.springframework.test.context.junit4.SpringJUnit4ClassRunner]SpringJUnit4ClassRunner constructor called with [class com.test.user.UserTest].
[org.springframework.test.context.support.AbstractDelegatingSmartContextLoader]Delegating to GenericXmlWebContextLoader to process context configuration [ContextConfigurationAttributes@109b8da declaringClass = &apos;com.test.user.UserTest&apos;, locations = &apos;{classpath*:applicationContext-*.xml}&apos;, classes = &apos;{}&apos;, inheritLocations = true, initializers = &apos;{}&apos;, inheritInitializers = true, name = [null], contextLoaderClass = &apos;org.springframework.test.context.ContextLoader&apos;].
[org.springframework.test.context.ContextLoaderUtils]Could not find an &apos;annotation declaring class&apos; for annotation type [org.springframework.test.context.ActiveProfiles] and class [com.test.user.UserTest]
[org.springframework.test.context.TestContextManager]@TestExecutionListeners is not present for class [com.test.user.UserTest]: using defaults.
[org.springframework.test.annotation.ProfileValueUtils]Retrieved @ProfileValueSourceConfiguration [null] for test class [com.test.user.UserTest]
[org.springframework.test.annotation.ProfileValueUtils]Retrieved ProfileValueSource type [class org.springframework.test.annotation.SystemProfileValueSource] for class [com.test.user.UserTest]
[org.springframework.test.annotation.ProfileValueUtils]Retrieved @ProfileValueSourceConfiguration [null] for test class [com.test.user.UserTest]
[org.springframework.test.annotation.ProfileValueUtils]Retrieved ProfileValueSource type [class org.springframework.test.annotation.SystemProfileValueSource] for class [com.test.user.UserTest]
[org.springframework.test.annotation.ProfileValueUtils]Retrieved @ProfileValueSourceConfiguration [null] for test class [com.test.user.UserTest]
[org.springframework.test.annotation.ProfileValueUtils]Retrieved ProfileValueSource type [class org.springframework.test.annotation.SystemProfileValueSource] for class [com.test.user.UserTest]
[org.springframework.test.context.support.AbstractDelegatingSmartContextLoader]Delegating to GenericXmlWebContextLoader to load context from [WebMergedContextConfiguration@c0edeb testClass = UserTest, locations = &apos;{classpath*:applicationContext-*.xml}&apos;, classes = &apos;{}&apos;, contextInitializerClasses = &apos;[]&apos;, activeProfiles = &apos;{}&apos;, resourceBasePath = &apos;src/main/webapp&apos;, contextLoader = &apos;org.springframework.test.context.web.WebDelegatingSmartContextLoader&apos;, parent = [null]].
[org.springframework.test.context.web.AbstractGenericWebContextLoader]Loading WebApplicationContext for merged context configuration [WebMergedContextConfiguration@c0edeb testClass = UserTest, locations = &apos;{classpath*:applicationContext-*.xml}&apos;, classes = &apos;{}&apos;, contextInitializerClasses = &apos;[]&apos;, activeProfiles = &apos;{}&apos;, resourceBasePath = &apos;src/main/webapp&apos;, contextLoader = &apos;org.springframework.test.context.web.WebDelegatingSmartContextLoader&apos;, parent = [null]].
[org.springframework.web.context.support.StandardServletEnvironment]Adding [servletConfigInitParams] PropertySource with lowest search precedence
[org.springframework.web.context.support.StandardServletEnvironment]Adding [servletContextInitParams] PropertySource with lowest search precedence
[org.springframework.web.context.support.StandardServletEnvironment]Adding [jndiProperties] PropertySource with lowest search precedence
[org.springframework.web.context.support.StandardServletEnvironment]Adding [systemProperties] PropertySource with lowest search precedence
[org.springframework.web.context.support.StandardServletEnvironment]Adding [systemEnvironment] PropertySource with lowest search precedence
[org.springframework.web.context.support.StandardServletEnvironment]Initialized StandardServletEnvironment with PropertySources [servletConfigInitParams,servletContextInitParams,jndiProperties,systemProperties,systemEnvironment]
[org.springframework.core.io.support.PathMatchingResourcePatternResolver]Looking for matching resources in directory tree [F:\eclipse_project\Spring_Data_JPA\target\test-classes]
[org.springframework.core.io.support.PathMatchingResourcePatternResolver]Searching directory [F:\eclipse_project\Spring_Data_JPA\target\test-classes] for files matching pattern [F:/eclipse_project/Spring_Data_JPA/target/test-classes/applicationContext-*.xml]
[org.springframework.core.io.support.PathMatchingResourcePatternResolver]Looking for matching resources in directory tree [F:\eclipse_project\Spring_Data_JPA\target\classes]
[org.springframework.core.io.support.PathMatchingResourcePatternResolver]Searching directory [F:\eclipse_project\Spring_Data_JPA\target\classes] for files matching pattern [F:/eclipse_project/Spring_Data_JPA/target/classes/applicationContext-*.xml]
[org.springframework.core.io.support.PathMatchingResourcePatternResolver]Resolved location pattern [classpath*:applicationContext-*.xml] to resources [file [F:\eclipse_project\Spring_Data_JPA\target\classes\applicationContext-hibernate.xml]]
[org.springframework.beans.factory.xml.XmlBeanDefinitionReader]Loading XML bean definitions from file [F:\eclipse_project\Spring_Data_JPA\target\classes\applicationContext-hibernate.xml]
[org.springframework.beans.factory.xml.DefaultDocumentLoader]Using JAXP provider [com.sun.org.apache.xerces.internal.jaxp.DocumentBuilderFactoryImpl]
[org.springframework.beans.factory.xml.PluggableSchemaResolver]Loading schema mappings from [META-INF/spring.schemas]
[org.springframework.beans.factory.xml.PluggableSchemaResolver]Loaded schema mappings: {http://www.springframework.org/schema/tx/spring-tx-2.5.xsd=org/springframework/transaction/config/spring-tx-2.5.xsd, http://www.springframework.org/schema/context/spring-context-3.1.xsd=org/springframework/context/config/spring-context-3.1.xsd, http://www.springframework.org/schema/data/repository/spring-repository-1.4.xsd=org/springframework/data/repository/config/spring-repository-1.4.xsd, http://www.springframework.org/schema/util/spring-util-3.0.xsd=org/springframework/beans/factory/xml/spring-util-3.0.xsd, http://www.springframework.org/schema/data/jpa/spring-jpa.xsd=org/springframework/data/jpa/repository/config/spring-jpa-1.8.xsd, http://www.springframework.org/schema/tool/spring-tool.xsd=org/springframework/beans/factory/xml/spring-tool-4.0.xsd, http://www.springframework.org/schema/aop/spring-aop-3.2.xsd=org/springframework/aop/config/spring-aop-3.2.xsd, http://www.springframework.org/schema/context/spring-context-4.0.xsd=org/springframework/context/config/spring-context-4.0.xsd, http://www.springframework.org/schema/mvc/spring-mvc-3.2.xsd=org/springframework/web/servlet/config/spring-mvc-3.2.xsd, http://www.springframework.org/schema/lang/spring-lang-3.2.xsd=org/springframework/scripting/config/spring-lang-3.2.xsd, http://www.springframework.org/schema/cache/spring-cache-3.2.xsd=org/springframework/cache/config/spring-cache-3.2.xsd, http://www.springframework.org/schema/jdbc/spring-jdbc-3.1.xsd=org/springframework/jdbc/config/spring-jdbc-3.1.xsd, http://www.springframework.org/schema/util/spring-util-2.0.xsd=org/springframework/beans/factory/xml/spring-util-2.0.xsd, http://www.springframework.org/schema/tool/spring-tool-3.2.xsd=org/springframework/beans/factory/xml/spring-tool-3.2.xsd, http://www.springframework.org/schema/context/spring-context.xsd=org/springframework/context/config/spring-context-4.0.xsd, http://www.springframework.org/schema/aop/spring-aop-4.0.xsd=org/springframework/aop/config/spring-aop-4.0.xsd, http://www.springframework.org/schema/jee/spring-jee-3.2.xsd=org/springframework/ejb/config/spring-jee-3.2.xsd, http://www.springframework.org/schema/context/spring-context-3.0.xsd=org/springframework/context/config/spring-context-3.0.xsd, http://www.springframework.org/schema/jdbc/spring-jdbc-4.0.xsd=org/springframework/jdbc/config/spring-jdbc-4.0.xsd, http://www.springframework.org/schema/mvc/spring-mvc-4.0.xsd=org/springframework/web/servlet/config/spring-mvc-4.0.xsd, http://www.springframework.org/schema/util/spring-util-2.5.xsd=org/springframework/beans/factory/xml/spring-util-2.5.xsd, http://www.springframework.org/schema/beans/spring-beans-3.2.xsd=org/springframework/beans/factory/xml/spring-beans-3.2.xsd, http://www.springframework.org/schema/aop/spring-aop-3.1.xsd=org/springframework/aop/config/spring-aop-3.1.xsd, http://www.springframework.org/schema/lang/spring-lang-4.0.xsd=org/springframework/scripting/config/spring-lang-4.0.xsd, http://www.springframework.org/schema/mvc/spring-mvc.xsd=org/springframework/web/servlet/config/spring-mvc-4.0.xsd, http://www.springframework.org/schema/mvc/spring-mvc-3.1.xsd=org/springframework/web/servlet/config/spring-mvc-3.1.xsd, http://www.springframework.org/schema/tool/spring-tool-4.0.xsd=org/springframework/beans/factory/xml/spring-tool-4.0.xsd, http://www.springframework.org/schema/lang/spring-lang-3.1.xsd=org/springframework/scripting/config/spring-lang-3.1.xsd, http://www.springframework.org/schema/tx/spring-tx-3.2.xsd=org/springframework/transaction/config/spring-tx-3.2.xsd, http://www.springframework.org/schema/cache/spring-cache-3.1.xsd=org/springframework/cache/config/spring-cache-3.1.xsd, http://www.springframework.org/schema/jee/spring-jee-4.0.xsd=org/springframework/ejb/config/spring-jee-4.0.xsd, http://www.springframework.org/schema/jdbc/spring-jdbc-3.0.xsd=org/springframework/jdbc/config/spring-jdbc-3.0.xsd, http://www.springframework.org/schema/jdbc/spring-jdbc.xsd=org/springframework/jdbc/config/spring-jdbc-4.0.xsd, http://www.springframework.org/schema/tool/spring-tool-3.1.xsd=org/springframework/beans/factory/xml/spring-tool-3.1.xsd, http://www.springframework.org/schema/cache/spring-cache-4.0.xsd=org/springframework/cache/config/spring-cache-4.0.xsd, http://www.springframework.org/schema/jee/spring-jee-3.1.xsd=org/springframework/ejb/config/spring-jee-3.1.xsd, http://www.springframework.org/schema/task/spring-task-3.2.xsd=org/springframework/scheduling/config/spring-task-3.2.xsd, http://www.springframework.org/schema/beans/spring-beans-3.1.xsd=org/springframework/beans/factory/xml/spring-beans-3.1.xsd, http://www.springframework.org/schema/util/spring-util.xsd=org/springframework/beans/factory/xml/spring-util-4.0.xsd, http://www.springframework.org/schema/data/jpa/spring-jpa-1.3.xsd=org/springframework/data/jpa/repository/config/spring-jpa-1.3.xsd, http://www.springframework.org/schema/aop/spring-aop-3.0.xsd=org/springframework/aop/config/spring-aop-3.0.xsd, http://www.springframework.org/schema/data/repository/spring-repository.xsd=org/springframework/data/repository/config/spring-repository-1.7.xsd, http://www.springframework.org/schema/data/repository/spring-repository-1.7.xsd=org/springframework/data/repository/config/spring-repository-1.7.xsd, http://www.springframework.org/schema/mvc/spring-mvc-3.0.xsd=org/springframework/web/servlet/config/spring-mvc-3.0.xsd, http://www.springframework.org/schema/beans/spring-beans-4.0.xsd=org/springframework/beans/factory/xml/spring-beans-4.0.xsd, http://www.springframework.org/schema/data/jpa/spring-jpa-1.8.xsd=org/springframework/data/jpa/repository/config/spring-jpa-1.8.xsd, http://www.springframework.org/schema/beans/spring-beans.xsd=org/springframework/beans/factory/xml/spring-beans-4.0.xsd, http://www.springframework.org/schema/lang/spring-lang-3.0.xsd=org/springframework/scripting/config/spring-lang-3.0.xsd, http://www.springframework.org/schema/tx/spring-tx-3.1.xsd=org/springframework/transaction/config/spring-tx-3.1.xsd, http://www.springframework.org/schema/context/spring-context-2.5.xsd=org/springframework/context/config/spring-context-2.5.xsd, http://www.springframework.org/schema/task/spring-task-4.0.xsd=org/springframework/scheduling/config/spring-task-4.0.xsd, http://www.springframework.org/schema/tool/spring-tool-3.0.xsd=org/springframework/beans/factory/xml/spring-tool-3.0.xsd, http://www.springframework.org/schema/tx/spring-tx-4.0.xsd=org/springframework/transaction/config/spring-tx-4.0.xsd, http://www.springframework.org/schema/aop/spring-aop-2.0.xsd=org/springframework/aop/config/spring-aop-2.0.xsd, http://www.springframework.org/schema/jee/spring-jee-3.0.xsd=org/springframework/ejb/config/spring-jee-3.0.xsd, http://www.springframework.org/schema/task/spring-task-3.1.xsd=org/springframework/scheduling/config/spring-task-3.1.xsd, http://www.springframework.org/schema/beans/spring-beans-3.0.xsd=org/springframework/beans/factory/xml/spring-beans-3.0.xsd, http://www.springframework.org/schema/data/jpa/spring-jpa-1.2.xsd=org/springframework/data/jpa/repository/config/spring-jpa-1.2.xsd, http://www.springframework.org/schema/jee/spring-jee.xsd=org/springframework/ejb/config/spring-jee-4.0.xsd, http://www.springframework.org/schema/aop/spring-aop-2.5.xsd=org/springframework/aop/config/spring-aop-2.5.xsd, http://www.springframework.org/schema/lang/spring-lang-2.0.xsd=org/springframework/scripting/config/spring-lang-2.0.xsd, http://www.springframework.org/schema/data/repository/spring-repository-1.6.xsd=org/springframework/data/repository/config/spring-repository-1.6.xsd, http://www.springframework.org/schema/util/spring-util-3.2.xsd=org/springframework/beans/factory/xml/spring-util-3.2.xsd, http://www.springframework.org/schema/task/spring-task.xsd=org/springframework/scheduling/config/spring-task-4.0.xsd, http://www.springframework.org/schema/tool/spring-tool-2.0.xsd=org/springframework/beans/factory/xml/spring-tool-2.0.xsd, http://www.springframework.org/schema/tx/spring-tx-3.0.xsd=org/springframework/transaction/config/spring-tx-3.0.xsd, http://www.springframework.org/schema/lang/spring-lang-2.5.xsd=org/springframework/scripting/config/spring-lang-2.5.xsd, http://www.springframework.org/schema/jee/spring-jee-2.0.xsd=org/springframework/ejb/config/spring-jee-2.0.xsd, http://www.springframework.org/schema/tool/spring-tool-2.5.xsd=org/springframework/beans/factory/xml/spring-tool-2.5.xsd, http://www.springframework.org/schema/jee/spring-jee-2.5.xsd=org/springframework/ejb/config/spring-jee-2.5.xsd, http://www.springframework.org/schema/data/repository/spring-repository-1.0.xsd=org/springframework/data/repository/config/spring-repository-1.0.xsd, http://www.springframework.org/schema/util/spring-util-4.0.xsd=org/springframework/beans/factory/xml/spring-util-4.0.xsd, http://www.springframework.org/schema/task/spring-task-3.0.xsd=org/springframework/scheduling/config/spring-task-3.0.xsd, http://www.springframework.org/schema/data/jpa/spring-jpa-1.1.xsd=org/springframework/data/jpa/repository/config/spring-jpa-1.1.xsd, http://www.springframework.org/schema/lang/spring-lang.xsd=org/springframework/scripting/config/spring-lang-4.0.xsd, http://www.springframework.org/schema/context/spring-context-3.2.xsd=org/springframework/context/config/spring-context-3.2.xsd, http://www.springframework.org/schema/data/repository/spring-repository-1.5.xsd=org/springframework/data/repository/config/spring-repository-1.5.xsd, http://www.springframework.org/schema/util/spring-util-3.1.xsd=org/springframework/beans/factory/xml/spring-util-3.1.xsd, http://www.springframework.org/schema/beans/spring-beans-2.0.xsd=org/springframework/beans/factory/xml/spring-beans-2.0.xsd, http://www.springframework.org/schema/cache/spring-cache.xsd=org/springframework/cache/config/spring-cache-4.0.xsd, http://www.springframework.org/schema/tx/spring-tx.xsd=org/springframework/transaction/config/spring-tx-4.0.xsd, http://www.springframework.org/schema/beans/spring-beans-2.5.xsd=org/springframework/beans/factory/xml/spring-beans-2.5.xsd, http://www.springframework.org/schema/tx/spring-tx-2.0.xsd=org/springframework/transaction/config/spring-tx-2.0.xsd, http://www.springframework.org/schema/jdbc/spring-jdbc-3.2.xsd=org/springframework/jdbc/config/spring-jdbc-3.2.xsd, http://www.springframework.org/schema/aop/spring-aop.xsd=org/springframework/aop/config/spring-aop-4.0.xsd, http://www.springframework.org/schema/data/jpa/spring-jpa-1.0.xsd=org/springframework/data/jpa/repository/config/spring-jpa-1.0.xsd}
[org.springframework.beans.factory.xml.PluggableSchemaResolver]Found XML schema [http://www.springframework.org/schema/beans/spring-beans-4.0.xsd] in classpath: org/springframework/beans/factory/xml/spring-beans-4.0.xsd
[org.springframework.beans.factory.xml.PluggableSchemaResolver]Found XML schema [http://www.springframework.org/schema/context/spring-context-4.0.xsd] in classpath: org/springframework/context/config/spring-context-4.0.xsd
[org.springframework.beans.factory.xml.PluggableSchemaResolver]Found XML schema [http://www.springframework.org/schema/tool/spring-tool-4.0.xsd] in classpath: org/springframework/beans/factory/xml/spring-tool-4.0.xsd
[org.springframework.beans.factory.xml.PluggableSchemaResolver]Found XML schema [http://www.springframework.org/schema/data/jpa/spring-jpa.xsd] in classpath: org/springframework/data/jpa/repository/config/spring-jpa-1.8.xsd
[org.springframework.beans.factory.xml.PluggableSchemaResolver]Found XML schema [http://www.springframework.org/schema/data/repository/spring-repository.xsd] in classpath: org/springframework/data/repository/config/spring-repository-1.7.xsd
[org.springframework.beans.factory.xml.PluggableSchemaResolver]Found XML schema [http://www.springframework.org/schema/tx/spring-tx-4.0.xsd] in classpath: org/springframework/transaction/config/spring-tx-4.0.xsd
[org.springframework.beans.factory.xml.DefaultBeanDefinitionDocumentReader]Loading bean definitions
[org.springframework.beans.factory.xml.DefaultNamespaceHandlerResolver]Loaded NamespaceHandler mappings: {http://www.springframework.org/schema/p=org.springframework.beans.factory.xml.SimplePropertyNamespaceHandler, http://www.springframework.org/schema/mvc=org.springframework.web.servlet.config.MvcNamespaceHandler, http://www.springframework.org/schema/util=org.springframework.beans.factory.xml.UtilNamespaceHandler, http://www.springframework.org/schema/jee=org.springframework.ejb.config.JeeNamespaceHandler, http://www.springframework.org/schema/aop=org.springframework.aop.config.AopNamespaceHandler, http://www.springframework.org/schema/jdbc=org.springframework.jdbc.config.JdbcNamespaceHandler, http://www.springframework.org/schema/data/repository=org.springframework.data.repository.config.RepositoryNameSpaceHandler, http://www.springframework.org/schema/data/jpa=org.springframework.data.jpa.repository.config.JpaRepositoryNameSpaceHandler, http://www.springframework.org/schema/cache=org.springframework.cache.config.CacheNamespaceHandler, http://www.springframework.org/schema/c=org.springframework.beans.factory.xml.SimpleConstructorNamespaceHandler, http://www.springframework.org/schema/tx=org.springframework.transaction.config.TxNamespaceHandler, http://www.springframework.org/schema/task=org.springframework.scheduling.config.TaskNamespaceHandler, http://www.springframework.org/schema/lang=org.springframework.scripting.config.LangNamespaceHandler, http://www.springframework.org/schema/data/keyvalue=org.springframework.data.keyvalue.repository.config.KeyValueRepositoryNameSpaceHandler, http://www.springframework.org/schema/context=org.springframework.context.config.ContextNamespaceHandler}
[org.springframework.core.io.support.PathMatchingResourcePatternResolver]Looking for matching resources in directory tree [F:\eclipse_project\Spring_Data_JPA\target\classes\com\springdata]
[org.springframework.core.io.support.PathMatchingResourcePatternResolver]Searching directory [F:\eclipse_project\Spring_Data_JPA\target\classes\com\springdata] for files matching pattern [F:/eclipse_project/Spring_Data_JPA/target/classes/com/springdata/**/*.class]
[org.springframework.core.io.support.PathMatchingResourcePatternResolver]Searching directory [F:\eclipse_project\Spring_Data_JPA\target\classes\com\springdata\jpa] for files matching pattern [F:/eclipse_project/Spring_Data_JPA/target/classes/com/springdata/**/*.class]
[org.springframework.core.io.support.PathMatchingResourcePatternResolver]Searching directory [F:\eclipse_project\Spring_Data_JPA\target\classes\com\springdata\jpa\dao] for files matching pattern [F:/eclipse_project/Spring_Data_JPA/target/classes/com/springdata/**/*.class]
[org.springframework.core.io.support.PathMatchingResourcePatternResolver]Searching directory [F:\eclipse_project\Spring_Data_JPA\target\classes\com\springdata\model] for files matching pattern [F:/eclipse_project/Spring_Data_JPA/target/classes/com/springdata/**/*.class]
[org.springframework.core.io.support.PathMatchingResourcePatternResolver]Resolved location pattern [classpath*:com/springdata/**/*.class] to resources [file [F:\eclipse_project\Spring_Data_JPA\target\classes\com\springdata\jpa\dao\UserDao.class], file [F:\eclipse_project\Spring_Data_JPA\target\classes\com\springdata\model\User.class]]
[org.springframework.core.env.StandardEnvironment]Adding [systemProperties] PropertySource with lowest search precedence
[org.springframework.core.env.StandardEnvironment]Adding [systemEnvironment] PropertySource with lowest search precedence
[org.springframework.core.env.StandardEnvironment]Initialized StandardEnvironment with PropertySources [systemProperties,systemEnvironment]
[org.springframework.core.io.support.PathMatchingResourcePatternResolver]Looking for matching resources in jar file [file:/F:/maven_download/org/springframework/data/spring-data-jpa/1.8.0.RELEASE/spring-data-jpa-1.8.0.RELEASE.jar]
[org.springframework.core.io.support.PathMatchingResourcePatternResolver]Looking for matching resources in jar file [file:/F:/maven_download/org/springframework/data/spring-data-commons/1.10.0.RELEASE/spring-data-commons-1.10.0.RELEASE.jar]
[org.springframework.core.io.support.PathMatchingResourcePatternResolver]Resolved location pattern [classpath*:org/springframework/data/**/repository/support/**/*.class] to resources [URL [jar:file:/F:/maven_download/org/springframework/data/spring-data-jpa/1.8.0.RELEASE/spring-data-jpa-1.8.0.RELEASE.jar!/org/springframework/data/jpa/repository/support/Querydsl$1.class], URL [jar:file:/F:/maven_download/org/springframework/data/spring-data-jpa/1.8.0.RELEASE/spring-data-jpa-1.8.0.RELEASE.jar!/org/springframework/data/jpa/repository/support/CrudMethodMetadataPostProcessor$ThreadBoundTargetSource.class], URL [jar:file:/F:/maven_download/org/springframework/data/spring-data-jpa/1.8.0.RELEASE/spring-data-jpa-1.8.0.RELEASE.jar!/org/springframework/data/jpa/repository/support/JpaPersistableEntityInformation.class], URL [jar:file:/F:/maven_download/org/springframework/data/spring-data-jpa/1.8.0.RELEASE/spring-data-jpa-1.8.0.RELEASE.jar!/org/springframework/data/jpa/repository/support/CrudMethodMetadataPostProcessor.class], URL [jar:file:/F:/maven_download/org/springframework/data/spring-data-jpa/1.8.0.RELEASE/spring-data-jpa-1.8.0.RELEASE.jar!/org/springframework/data/jpa/repository/support/CrudMethodMetadataPostProcessor$1.class], URL [jar:file:/F:/maven_download/org/springframework/data/spring-data-jpa/1.8.0.RELEASE/spring-data-jpa-1.8.0.RELEASE.jar!/org/springframework/data/jpa/repository/support/JpaEntityInformation.class], URL [jar:file:/F:/maven_download/org/springframework/data/spring-data-jpa/1.8.0.RELEASE/spring-data-jpa-1.8.0.RELEASE.jar!/org/springframework/data/jpa/repository/support/JpaMetamodelEntityInformation.class], URL [jar:file:/F:/maven_download/org/springframework/data/spring-data-jpa/1.8.0.RELEASE/spring-data-jpa-1.8.0.RELEASE.jar!/org/springframework/data/jpa/repository/support/JpaMetamodelEntityInformation$IdMetadata.class], URL [jar:file:/F:/maven_download/org/springframework/data/spring-data-jpa/1.8.0.RELEASE/spring-data-jpa-1.8.0.RELEASE.jar!/org/springframework/data/jpa/repository/support/JpaEntityInformationSupport.class], URL [jar:file:/F:/maven_download/org/springframework/data/spring-data-jpa/1.8.0.RELEASE/spring-data-jpa-1.8.0.RELEASE.jar!/org/springframework/data/jpa/repository/support/QueryDslRepositorySupport.class], URL [jar:file:/F:/maven_download/org/springframework/data/spring-data-jpa/1.8.0.RELEASE/spring-data-jpa-1.8.0.RELEASE.jar!/org/springframework/data/jpa/repository/support/JpaRepositoryFactory.class], URL [jar:file:/F:/maven_download/org/springframework/data/spring-data-jpa/1.8.0.RELEASE/spring-data-jpa-1.8.0.RELEASE.jar!/org/springframework/data/jpa/repository/support/CrudMethodMetadataPostProcessor$DefaultCrudMethodMetadata.class], URL [jar:file:/F:/maven_download/org/springframework/data/spring-data-jpa/1.8.0.RELEASE/spring-data-jpa-1.8.0.RELEASE.jar!/org/springframework/data/jpa/repository/support/SimpleJpaRepository.class], URL [jar:file:/F:/maven_download/org/springframework/data/spring-data-jpa/1.8.0.RELEASE/spring-data-jpa-1.8.0.RELEASE.jar!/org/springframework/data/jpa/repository/support/CrudMethodMetadataPostProcessor$CrudMethodMetadataPopulatingMethodIntercceptor.class], URL [jar:file:/F:/maven_download/org/springframework/data/spring-data-jpa/1.8.0.RELEASE/spring-data-jpa-1.8.0.RELEASE.jar!/org/springframework/data/jpa/repository/support/Querydsl.class], URL [jar:file:/F:/maven_download/org/springframework/data/spring-data-jpa/1.8.0.RELEASE/spring-data-jpa-1.8.0.RELEASE.jar!/org/springframework/data/jpa/repository/support/CrudMethodMetadata.class], URL [jar:file:/F:/maven_download/org/springframework/data/spring-data-jpa/1.8.0.RELEASE/spring-data-jpa-1.8.0.RELEASE.jar!/org/springframework/data/jpa/repository/support/EntityManagerBeanDefinitionRegistrarPostProcessor.class], URL [jar:file:/F:/maven_download/org/springframework/data/spring-data-jpa/1.8.0.RELEASE/spring-data-jpa-1.8.0.RELEASE.jar!/org/springframework/data/jpa/repository/support/JpaMetamodelEntityInformation$IdentifierDerivingDirectFieldAccessFallbackBeanWrapper.class], URL [jar:file:/F:/maven_download/org/springframework/data/spring-data-jpa/1.8.0.RELEASE/spring-data-jpa-1.8.0.RELEASE.jar!/org/springframework/data/jpa/repository/support/QueryDslJpaRepository.class], URL [jar:file:/F:/maven_download/org/springframework/data/spring-data-jpa/1.8.0.RELEASE/spring-data-jpa-1.8.0.RELEASE.jar!/org/springframework/data/jpa/repository/support/JpaRepositoryFactoryBean.class], URL [jar:file:/F:/maven_download/org/springframework/data/spring-data-jpa/1.8.0.RELEASE/spring-data-jpa-1.8.0.RELEASE.jar!/org/springframework/data/jpa/repository/support/SimpleJpaRepository$ByIdsSpecification.class], URL [jar:file:/F:/maven_download/org/springframework/data/spring-data-commons/1.10.0.RELEASE/spring-data-commons-1.10.0.RELEASE.jar!/org/springframework/data/repository/support/DomainClassConverter$ConversionMatchAbbreviationException.class], URL [jar:file:/F:/maven_download/org/springframework/data/spring-data-commons/1.10.0.RELEASE/spring-data-commons-1.10.0.RELEASE.jar!/org/springframework/data/repository/support/DomainClassConverter$ToIdConverter.class], URL [jar:file:/F:/maven_download/org/springframework/data/spring-data-commons/1.10.0.RELEASE/spring-data-commons-1.10.0.RELEASE.jar!/org/springframework/data/repository/support/Repositories$EmptyRepositoryFactoryInformation.class], URL [jar:file:/F:/maven_download/org/springframework/data/spring-data-commons/1.10.0.RELEASE/spring-data-commons-1.10.0.RELEASE.jar!/org/springframework/data/repository/support/PagingAndSortingRepositoryInvoker.class], URL [jar:file:/F:/maven_download/org/springframework/data/spring-data-commons/1.10.0.RELEASE/spring-data-commons-1.10.0.RELEASE.jar!/org/springframework/data/repository/support/MethodParameters.class], URL [jar:file:/F:/maven_download/org/springframework/data/spring-data-commons/1.10.0.RELEASE/spring-data-commons-1.10.0.RELEASE.jar!/org/springframework/data/repository/support/RepositoryInvoker.class], URL [jar:file:/F:/maven_download/org/springframework/data/spring-data-commons/1.10.0.RELEASE/spring-data-commons-1.10.0.RELEASE.jar!/org/springframework/data/repository/support/RepositoryInvokerFactory.class], URL [jar:file:/F:/maven_download/org/springframework/data/spring-data-commons/1.10.0.RELEASE/spring-data-commons-1.10.0.RELEASE.jar!/org/springframework/data/repository/support/DomainClassPropertyEditorRegistrar.class], URL [jar:file:/F:/maven_download/org/springframework/data/spring-data-commons/1.10.0.RELEASE/spring-data-commons-1.10.0.RELEASE.jar!/org/springframework/data/repository/support/AnnotationAttribute.class], URL [jar:file:/F:/maven_download/org/springframework/data/spring-data-commons/1.10.0.RELEASE/spring-data-commons-1.10.0.RELEASE.jar!/org/springframework/data/repository/support/DefaultRepositoryInvokerFactory.class], URL [jar:file:/F:/maven_download/org/springframework/data/spring-data-commons/1.10.0.RELEASE/spring-data-commons-1.10.0.RELEASE.jar!/org/springframework/data/repository/support/MethodParameters$AnnotationNamingMethodParameter.class], URL [jar:file:/F:/maven_download/org/springframework/data/spring-data-commons/1.10.0.RELEASE/spring-data-commons-1.10.0.RELEASE.jar!/org/springframework/data/repository/support/CrudRepositoryInvoker.class], URL [jar:file:/F:/maven_download/org/springframework/data/spring-data-commons/1.10.0.RELEASE/spring-data-commons-1.10.0.RELEASE.jar!/org/springframework/data/repository/support/Repositories.class], URL [jar:file:/F:/maven_download/org/springframework/data/spring-data-commons/1.10.0.RELEASE/spring-data-commons-1.10.0.RELEASE.jar!/org/springframework/data/repository/support/DomainClassConverter$ToEntityConverter.class], URL [jar:file:/F:/maven_download/org/springframework/data/spring-data-commons/1.10.0.RELEASE/spring-data-commons-1.10.0.RELEASE.jar!/org/springframework/data/repository/support/ReflectionRepositoryInvoker.class], URL [jar:file:/F:/maven_download/org/springframework/data/spring-data-commons/1.10.0.RELEASE/spring-data-commons-1.10.0.RELEASE.jar!/org/springframework/data/repository/support/DomainClassPropertyEditor.class], URL [jar:file:/F:/maven_download/org/springframework/data/spring-data-commons/1.10.0.RELEASE/spring-data-commons-1.10.0.RELEASE.jar!/org/springframework/data/repository/support/DomainClassConverter.class], URL [jar:file:/F:/maven_download/org/springframework/data/spring-data-commons/1.10.0.RELEASE/spring-data-commons-1.10.0.RELEASE.jar!/org/springframework/data/repository/support/DomainClassConverter$1.class], URL [jar:file:/F:/maven_download/org/springframework/data/spring-data-commons/1.10.0.RELEASE/spring-data-commons-1.10.0.RELEASE.jar!/org/springframework/data/repository/support/RepositoryInvocationInformation.class]]
[org.springframework.context.annotation.ClassPathScanningCandidateComponentProvider]Identified candidate component class: URL [jar:file:/F:/maven_download/org/springframework/data/spring-data-jpa/1.8.0.RELEASE/spring-data-jpa-1.8.0.RELEASE.jar!/org/springframework/data/jpa/repository/support/JpaRepositoryFactory.class]
[org.springframework.core.env.StandardEnvironment]Adding [systemProperties] PropertySource with lowest search precedence
[org.springframework.core.env.StandardEnvironment]Adding [systemEnvironment] PropertySource with lowest search precedence
[org.springframework.core.env.StandardEnvironment]Initialized StandardEnvironment with PropertySources [systemProperties,systemEnvironment]
[org.springframework.core.io.support.PathMatchingResourcePatternResolver]Looking for matching resources in directory tree [F:\eclipse_project\Spring_Data_JPA\target\classes\com\springdata\jpa\dao]
[org.springframework.core.io.support.PathMatchingResourcePatternResolver]Searching directory [F:\eclipse_project\Spring_Data_JPA\target\classes\com\springdata\jpa\dao] for files matching pattern [F:/eclipse_project/Spring_Data_JPA/target/classes/com/springdata/jpa/dao/**/*.class]
[org.springframework.core.io.support.PathMatchingResourcePatternResolver]Resolved location pattern [classpath*:com/springdata/jpa/dao/**/*.class] to resources [file [F:\eclipse_project\Spring_Data_JPA\target\classes\com\springdata\jpa\dao\UserDao.class]]
[org.springframework.data.repository.config.RepositoryComponentProvider]Identified candidate component class: file [F:\eclipse_project\Spring_Data_JPA\target\classes\com\springdata\jpa\dao\UserDao.class]
[org.springframework.core.env.StandardEnvironment]Adding [systemProperties] PropertySource with lowest search precedence
[org.springframework.core.env.StandardEnvironment]Adding [systemEnvironment] PropertySource with lowest search precedence
[org.springframework.core.env.StandardEnvironment]Initialized StandardEnvironment with PropertySources [systemProperties,systemEnvironment]
[org.springframework.core.io.support.PathMatchingResourcePatternResolver]Looking for matching resources in directory tree [F:\eclipse_project\Spring_Data_JPA\target\classes\com\springdata\jpa\dao]
[org.springframework.core.io.support.PathMatchingResourcePatternResolver]Searching directory [F:\eclipse_project\Spring_Data_JPA\target\classes\com\springdata\jpa\dao] for files matching pattern [F:/eclipse_project/Spring_Data_JPA/target/classes/com/springdata/jpa/dao/**/*UserDaoImpl.class]
[org.springframework.core.io.support.PathMatchingResourcePatternResolver]Resolved location pattern [classpath*:com/springdata/jpa/dao/**/*UserDaoImpl.class] to resources []
[org.springframework.data.repository.config.RepositoryConfigurationDelegate]Spring Data JPA - Registering repository: userDao - Interface: com.springdata.jpa.dao.UserDao - Factory: org.springframework.data.jpa.repository.support.JpaRepositoryFactoryBean
[org.springframework.beans.factory.xml.BeanDefinitionParserDelegate]Neither XML &apos;id&apos; nor &apos;name&apos; specified - using generated bean name [org.springframework.orm.jpa.vendor.HibernateJpaVendorAdapter#3ef382]
[org.springframework.beans.factory.xml.XmlBeanDefinitionReader]Loaded 19 bean definitions from location pattern [classpath*:applicationContext-*.xml]
[org.springframework.web.context.support.GenericWebApplicationContext]Refreshing org.springframework.web.context.support.GenericWebApplicationContext@3f4d3d: startup date [Mon Jun 01 22:28:58 CST 2015]; root of context hierarchy
[org.springframework.web.context.support.StandardServletEnvironment]Replacing [servletContextInitParams] PropertySource with [servletContextInitParams]
[org.springframework.web.context.support.GenericWebApplicationContext]Bean factory for org.springframework.web.context.support.GenericWebApplicationContext@3f4d3d: org.springframework.beans.factory.support.DefaultListableBeanFactory@798d51: defining beans [org.springframework.context.support.PropertySourcesPlaceholderConfigurer#0,org.springframework.context.annotation.internalConfigurationAnnotationProcessor,org.springframework.context.annotation.internalAutowiredAnnotationProcessor,org.springframework.context.annotation.internalRequiredAnnotationProcessor,org.springframework.context.annotation.internalCommonAnnotationProcessor,org.springframework.context.annotation.internalPersistenceAnnotationProcessor,org.springframework.data.jpa.repository.config.JpaRepositoryConfigExtension#0,org.springframework.data.repository.core.support.RepositoryInterfaceAwareBeanPostProcessor,foo,jpaMappingContext,userDao,dataSource,entityManagerFactory,transactionManager,org.springframework.aop.config.internalAutoProxyCreator,org.springframework.transaction.annotation.AnnotationTransactionAttributeSource#0,org.springframework.transaction.interceptor.TransactionInterceptor#0,org.springframework.transaction.config.internalTransactionAdvisor,hibernateJpaVendorAdapter]; root of factory hierarchy
[org.springframework.beans.factory.support.DefaultListableBeanFactory]Creating shared instance of singleton bean &apos;org.springframework.context.annotation.internalConfigurationAnnotationProcessor&apos;
[org.springframework.beans.factory.support.DefaultListableBeanFactory]Creating instance of bean &apos;org.springframework.context.annotation.internalConfigurationAnnotationProcessor&apos;
[org.springframework.beans.factory.support.DefaultListableBeanFactory]Eagerly caching bean &apos;org.springframework.context.annotation.internalConfigurationAnnotationProcessor&apos; to allow for resolving potential circular references
[org.springframework.beans.factory.support.DefaultListableBeanFactory]Finished creating instance of bean &apos;org.springframework.context.annotation.internalConfigurationAnnotationProcessor&apos;
[org.springframework.beans.factory.support.DefaultListableBeanFactory]Creating shared instance of singleton bean &apos;org.springframework.context.support.PropertySourcesPlaceholderConfigurer#0&apos;
[org.springframework.beans.factory.support.DefaultListableBeanFactory]Creating instance of bean &apos;org.springframework.context.support.PropertySourcesPlaceholderConfigurer#0&apos;
[org.springframework.beans.factory.support.DefaultListableBeanFactory]Eagerly caching bean &apos;org.springframework.context.support.PropertySourcesPlaceholderConfigurer#0&apos; to allow for resolving potential circular references
[org.springframework.beans.factory.support.DefaultListableBeanFactory]Finished creating instance of bean &apos;org.springframework.context.support.PropertySourcesPlaceholderConfigurer#0&apos;
[org.springframework.core.env.MutablePropertySources]Adding [environmentProperties] PropertySource with lowest search precedence
[org.springframework.context.support.PropertySourcesPlaceholderConfigurer]Loading properties file from class path resource [jdbc.properties]
[org.springframework.core.env.MutablePropertySources]Adding [localProperties] PropertySource with lowest search precedence
[org.springframework.core.env.PropertySourcesPropertyResolver]Searching for key &apos;mysql.driver&apos; in [environmentProperties]
[org.springframework.core.env.PropertySourcesPropertyResolver]Searching for key &apos;mysql.driver&apos; in [servletConfigInitParams]
[org.springframework.core.env.PropertySourcesPropertyResolver]Searching for key &apos;mysql.driver&apos; in [servletContextInitParams]
[org.springframework.core.env.PropertySourcesPropertyResolver]Searching for key &apos;mysql.driver&apos; in [jndiProperties]
[org.springframework.jndi.JndiTemplate]Looking up JNDI object with name [java:comp/env/mysql.driver]
[org.springframework.jndi.JndiLocatorDelegate]Converted JNDI name [java:comp/env/mysql.driver] not found - trying original name [mysql.driver]. javax.naming.NoInitialContextException: Need to specify class name in environment or system property, or as an applet parameter, or in an application resource file:  java.naming.factory.initial
[org.springframework.jndi.JndiTemplate]Looking up JNDI object with name [mysql.driver]
[org.springframework.jndi.JndiPropertySource]JNDI lookup for name [mysql.driver] threw NamingException with message: Need to specify class name in environment or system property, or as an applet parameter, or in an application resource file:  java.naming.factory.initial. Returning null.
[org.springframework.core.env.PropertySourcesPropertyResolver]Searching for key &apos;mysql.driver&apos; in [systemProperties]
[org.springframework.core.env.PropertySourcesPropertyResolver]Searching for key &apos;mysql.driver&apos; in [systemEnvironment]
[org.springframework.core.env.PropertySourcesPropertyResolver]Could not find key &apos;mysql.driver&apos; in any property source. Returning [null]
[org.springframework.core.env.PropertySourcesPropertyResolver]Searching for key &apos;mysql.driver&apos; in [localProperties]
[org.springframework.core.env.PropertySourcesPropertyResolver]Found key &apos;mysql.driver&apos; in [localProperties] with type [String] and value &apos;com.mysql.jdbc.Driver&apos;
[org.springframework.core.env.PropertySourcesPropertyResolver]Searching for key &apos;mysql.url&apos; in [environmentProperties]
[org.springframework.core.env.PropertySourcesPropertyResolver]Searching for key &apos;mysql.url&apos; in [servletConfigInitParams]
[org.springframework.core.env.PropertySourcesPropertyResolver]Searching for key &apos;mysql.url&apos; in [servletContextInitParams]
[org.springframework.core.env.PropertySourcesPropertyResolver]Searching for key &apos;mysql.url&apos; in [jndiProperties]
[org.springframework.jndi.JndiTemplate]Looking up JNDI object with name [java:comp/env/mysql.url]
[org.springframework.jndi.JndiLocatorDelegate]Converted JNDI name [java:comp/env/mysql.url] not found - trying original name [mysql.url]. javax.naming.NoInitialContextException: Need to specify class name in environment or system property, or as an applet parameter, or in an application resource file:  java.naming.factory.initial
[org.springframework.jndi.JndiTemplate]Looking up JNDI object with name [mysql.url]
[org.springframework.jndi.JndiPropertySource]JNDI lookup for name [mysql.url] threw NamingException with message: Need to specify class name in environment or system property, or as an applet parameter, or in an application resource file:  java.naming.factory.initial. Returning null.
[org.springframework.core.env.PropertySourcesPropertyResolver]Searching for key &apos;mysql.url&apos; in [systemProperties]
[org.springframework.core.env.PropertySourcesPropertyResolver]Searching for key &apos;mysql.url&apos; in [systemEnvironment]
[org.springframework.core.env.PropertySourcesPropertyResolver]Could not find key &apos;mysql.url&apos; in any property source. Returning [null]
[org.springframework.core.env.PropertySourcesPropertyResolver]Searching for key &apos;mysql.url&apos; in [localProperties]
[org.springframework.core.env.PropertySourcesPropertyResolver]Found key &apos;mysql.url&apos; in [localProperties] with type [String] and value &apos;jdbc:mysql://127.0.0.1:3306/houseweb?createDatabaseIfNotExist=true&amp;useUnicode=true&amp;characterEncoding=utf-8&amp;zeroDateTimeBehavior=convertToNull&amp;transformedBitIsBoolean=true&apos;
[org.springframework.core.env.PropertySourcesPropertyResolver]Searching for key &apos;mysql.username&apos; in [environmentProperties]
[org.springframework.core.env.PropertySourcesPropertyResolver]Searching for key &apos;mysql.username&apos; in [servletConfigInitParams]
[org.springframework.core.env.PropertySourcesPropertyResolver]Searching for key &apos;mysql.username&apos; in [servletContextInitParams]
[org.springframework.core.env.PropertySourcesPropertyResolver]Searching for key &apos;mysql.username&apos; in [jndiProperties]
[org.springframework.jndi.JndiTemplate]Looking up JNDI object with name [java:comp/env/mysql.username]
[org.springframework.jndi.JndiLocatorDelegate]Converted JNDI name [java:comp/env/mysql.username] not found - trying original name [mysql.username]. javax.naming.NoInitialContextException: Need to specify class name in environment or system property, or as an applet parameter, or in an application resource file:  java.naming.factory.initial
[org.springframework.jndi.JndiTemplate]Looking up JNDI object with name [mysql.username]
[org.springframework.jndi.JndiPropertySource]JNDI lookup for name [mysql.username] threw NamingException with message: Need to specify class name in environment or system property, or as an applet parameter, or in an application resource file:  java.naming.factory.initial. Returning null.
[org.springframework.core.env.PropertySourcesPropertyResolver]Searching for key &apos;mysql.username&apos; in [systemProperties]
[org.springframework.core.env.PropertySourcesPropertyResolver]Searching for key &apos;mysql.username&apos; in [systemEnvironment]
[org.springframework.core.env.PropertySourcesPropertyResolver]Could not find key &apos;mysql.username&apos; in any property source. Returning [null]
[org.springframework.core.env.PropertySourcesPropertyResolver]Searching for key &apos;mysql.username&apos; in [localProperties]
[org.springframework.core.env.PropertySourcesPropertyResolver]Found key &apos;mysql.username&apos; in [localProperties] with type [String] and value &apos;root&apos;
[org.springframework.core.env.PropertySourcesPropertyResolver]Searching for key &apos;mysql.password&apos; in [environmentProperties]
[org.springframework.core.env.PropertySourcesPropertyResolver]Searching for key &apos;mysql.password&apos; in [servletConfigInitParams]
[org.springframework.core.env.PropertySourcesPropertyResolver]Searching for key &apos;mysql.password&apos; in [servletContextInitParams]
[org.springframework.core.env.PropertySourcesPropertyResolver]Searching for key &apos;mysql.password&apos; in [jndiProperties]
[org.springframework.jndi.JndiTemplate]Looking up JNDI object with name [java:comp/env/mysql.password]
[org.springframework.jndi.JndiLocatorDelegate]Converted JNDI name [java:comp/env/mysql.password] not found - trying original name [mysql.password]. javax.naming.NoInitialContextException: Need to specify class name in environment or system property, or as an applet parameter, or in an application resource file:  java.naming.factory.initial
[org.springframework.jndi.JndiTemplate]Looking up JNDI object with name [mysql.password]
[org.springframework.jndi.JndiPropertySource]JNDI lookup for name [mysql.password] threw NamingException with message: Need to specify class name in environment or system property, or as an applet parameter, or in an application resource file:  java.naming.factory.initial. Returning null.
[org.springframework.core.env.PropertySourcesPropertyResolver]Searching for key &apos;mysql.password&apos; in [systemProperties]
[org.springframework.core.env.PropertySourcesPropertyResolver]Searching for key &apos;mysql.password&apos; in [systemEnvironment]
[org.springframework.core.env.PropertySourcesPropertyResolver]Could not find key &apos;mysql.password&apos; in any property source. Returning [null]
[org.springframework.core.env.PropertySourcesPropertyResolver]Searching for key &apos;mysql.password&apos; in [localProperties]
[org.springframework.core.env.PropertySourcesPropertyResolver]Found key &apos;mysql.password&apos; in [localProperties] with type [String] and value &apos;123456&apos;
[org.springframework.core.env.PropertySourcesPropertyResolver]Searching for key &apos;mysql.initialSize&apos; in [environmentProperties]
[org.springframework.core.env.PropertySourcesPropertyResolver]Searching for key &apos;mysql.initialSize&apos; in [servletConfigInitParams]
[org.springframework.core.env.PropertySourcesPropertyResolver]Searching for key &apos;mysql.initialSize&apos; in [servletContextInitParams]
[org.springframework.core.env.PropertySourcesPropertyResolver]Searching for key &apos;mysql.initialSize&apos; in [jndiProperties]
[org.springframework.jndi.JndiTemplate]Looking up JNDI object with name [java:comp/env/mysql.initialSize]
[org.springframework.jndi.JndiLocatorDelegate]Converted JNDI name [java:comp/env/mysql.initialSize] not found - trying original name [mysql.initialSize]. javax.naming.NoInitialContextException: Need to specify class name in environment or system property, or as an applet parameter, or in an application resource file:  java.naming.factory.initial
[org.springframework.jndi.JndiTemplate]Looking up JNDI object with name [mysql.initialSize]
[org.springframework.jndi.JndiPropertySource]JNDI lookup for name [mysql.initialSize] threw NamingException with message: Need to specify class name in environment or system property, or as an applet parameter, or in an application resource file:  java.naming.factory.initial. Returning null.
[org.springframework.core.env.PropertySourcesPropertyResolver]Searching for key &apos;mysql.initialSize&apos; in [systemProperties]
[org.springframework.core.env.PropertySourcesPropertyResolver]Searching for key &apos;mysql.initialSize&apos; in [systemEnvironment]
[org.springframework.core.env.PropertySourcesPropertyResolver]Could not find key &apos;mysql.initialSize&apos; in any property source. Returning [null]
[org.springframework.core.env.PropertySourcesPropertyResolver]Searching for key &apos;mysql.initialSize&apos; in [localProperties]
[org.springframework.core.env.PropertySourcesPropertyResolver]Found key &apos;mysql.initialSize&apos; in [localProperties] with type [String] and value &apos;2&apos;
[org.springframework.core.env.PropertySourcesPropertyResolver]Searching for key &apos;mysql.maxActive&apos; in [environmentProperties]
[org.springframework.core.env.PropertySourcesPropertyResolver]Searching for key &apos;mysql.maxActive&apos; in [servletConfigInitParams]
[org.springframework.core.env.PropertySourcesPropertyResolver]Searching for key &apos;mysql.maxActive&apos; in [servletContextInitParams]
[org.springframework.core.env.PropertySourcesPropertyResolver]Searching for key &apos;mysql.maxActive&apos; in [jndiProperties]
[org.springframework.jndi.JndiTemplate]Looking up JNDI object with name [java:comp/env/mysql.maxActive]
[org.springframework.jndi.JndiLocatorDelegate]Converted JNDI name [java:comp/env/mysql.maxActive] not found - trying original name [mysql.maxActive]. javax.naming.NoInitialContextException: Need to specify class name in environment or system property, or as an applet parameter, or in an application resource file:  java.naming.factory.initial
[org.springframework.jndi.JndiTemplate]Looking up JNDI object with name [mysql.maxActive]
[org.springframework.jndi.JndiPropertySource]JNDI lookup for name [mysql.maxActive] threw NamingException with message: Need to specify class name in environment or system property, or as an applet parameter, or in an application resource file:  java.naming.factory.initial. Returning null.
[org.springframework.core.env.PropertySourcesPropertyResolver]Searching for key &apos;mysql.maxActive&apos; in [systemProperties]
[org.springframework.core.env.PropertySourcesPropertyResolver]Searching for key &apos;mysql.maxActive&apos; in [systemEnvironment]
[org.springframework.core.env.PropertySourcesPropertyResolver]Could not find key &apos;mysql.maxActive&apos; in any property source. Returning [null]
[org.springframework.core.env.PropertySourcesPropertyResolver]Searching for key &apos;mysql.maxActive&apos; in [localProperties]
[org.springframework.core.env.PropertySourcesPropertyResolver]Found key &apos;mysql.maxActive&apos; in [localProperties] with type [String] and value &apos;10000&apos;
[org.springframework.core.env.PropertySourcesPropertyResolver]Searching for key &apos;mysql.maxActive&apos; in [environmentProperties]
[org.springframework.core.env.PropertySourcesPropertyResolver]Searching for key &apos;mysql.maxActive&apos; in [servletConfigInitParams]
[org.springframework.core.env.PropertySourcesPropertyResolver]Searching for key &apos;mysql.maxActive&apos; in [servletContextInitParams]
[org.springframework.core.env.PropertySourcesPropertyResolver]Searching for key &apos;mysql.maxActive&apos; in [jndiProperties]
[org.springframework.jndi.JndiTemplate]Looking up JNDI object with name [java:comp/env/mysql.maxActive]
[org.springframework.jndi.JndiLocatorDelegate]Converted JNDI name [java:comp/env/mysql.maxActive] not found - trying original name [mysql.maxActive]. javax.naming.NoInitialContextException: Need to specify class name in environment or system property, or as an applet parameter, or in an application resource file:  java.naming.factory.initial
[org.springframework.jndi.JndiTemplate]Looking up JNDI object with name [mysql.maxActive]
[org.springframework.jndi.JndiPropertySource]JNDI lookup for name [mysql.maxActive] threw NamingException with message: Need to specify class name in environment or system property, or as an applet parameter, or in an application resource file:  java.naming.factory.initial. Returning null.
[org.springframework.core.env.PropertySourcesPropertyResolver]Searching for key &apos;mysql.maxActive&apos; in [systemProperties]
[org.springframework.core.env.PropertySourcesPropertyResolver]Searching for key &apos;mysql.maxActive&apos; in [systemEnvironment]
[org.springframework.core.env.PropertySourcesPropertyResolver]Could not find key &apos;mysql.maxActive&apos; in any property source. Returning [null]
[org.springframework.core.env.PropertySourcesPropertyResolver]Searching for key &apos;mysql.maxActive&apos; in [localProperties]
[org.springframework.core.env.PropertySourcesPropertyResolver]Found key &apos;mysql.maxActive&apos; in [localProperties] with type [String] and value &apos;10000&apos;
[org.springframework.core.env.PropertySourcesPropertyResolver]Searching for key &apos;mysql.maxActive&apos; in [environmentProperties]
[org.springframework.core.env.PropertySourcesPropertyResolver]Searching for key &apos;mysql.maxActive&apos; in [servletConfigInitParams]
[org.springframework.core.env.PropertySourcesPropertyResolver]Searching for key &apos;mysql.maxActive&apos; in [servletContextInitParams]
[org.springframework.core.env.PropertySourcesPropertyResolver]Searching for key &apos;mysql.maxActive&apos; in [jndiProperties]
[org.springframework.jndi.JndiTemplate]Looking up JNDI object with name [java:comp/env/mysql.maxActive]
[org.springframework.jndi.JndiLocatorDelegate]Converted JNDI name [java:comp/env/mysql.maxActive] not found - trying original name [mysql.maxActive]. javax.naming.NoInitialContextException: Need to specify class name in environment or system property, or as an applet parameter, or in an application resource file:  java.naming.factory.initial
[org.springframework.jndi.JndiTemplate]Looking up JNDI object with name [mysql.maxActive]
[org.springframework.jndi.JndiPropertySource]JNDI lookup for name [mysql.maxActive] threw NamingException with message: Need to specify class name in environment or system property, or as an applet parameter, or in an application resource file:  java.naming.factory.initial. Returning null.
[org.springframework.core.env.PropertySourcesPropertyResolver]Searching for key &apos;mysql.maxActive&apos; in [systemProperties]
[org.springframework.core.env.PropertySourcesPropertyResolver]Searching for key &apos;mysql.maxActive&apos; in [systemEnvironment]
[org.springframework.core.env.PropertySourcesPropertyResolver]Could not find key &apos;mysql.maxActive&apos; in any property source. Returning [null]
[org.springframework.core.env.PropertySourcesPropertyResolver]Searching for key &apos;mysql.maxActive&apos; in [localProperties]
[org.springframework.core.env.PropertySourcesPropertyResolver]Found key &apos;mysql.maxActive&apos; in [localProperties] with type [String] and value &apos;10000&apos;
[org.springframework.core.env.PropertySourcesPropertyResolver]Searching for key &apos;mysql.maxWait&apos; in [environmentProperties]
[org.springframework.core.env.PropertySourcesPropertyResolver]Searching for key &apos;mysql.maxWait&apos; in [servletConfigInitParams]
[org.springframework.core.env.PropertySourcesPropertyResolver]Searching for key &apos;mysql.maxWait&apos; in [servletContextInitParams]
[org.springframework.core.env.PropertySourcesPropertyResolver]Searching for key &apos;mysql.maxWait&apos; in [jndiProperties]
[org.springframework.jndi.JndiTemplate]Looking up JNDI object with name [java:comp/env/mysql.maxWait]
[org.springframework.jndi.JndiLocatorDelegate]Converted JNDI name [java:comp/env/mysql.maxWait] not found - trying original name [mysql.maxWait]. javax.naming.NoInitialContextException: Need to specify class name in environment or system property, or as an applet parameter, or in an application resource file:  java.naming.factory.initial
[org.springframework.jndi.JndiTemplate]Looking up JNDI object with name [mysql.maxWait]
[org.springframework.jndi.JndiPropertySource]JNDI lookup for name [mysql.maxWait] threw NamingException with message: Need to specify class name in environment or system property, or as an applet parameter, or in an application resource file:  java.naming.factory.initial. Returning null.
[org.springframework.core.env.PropertySourcesPropertyResolver]Searching for key &apos;mysql.maxWait&apos; in [systemProperties]
[org.springframework.core.env.PropertySourcesPropertyResolver]Searching for key &apos;mysql.maxWait&apos; in [systemEnvironment]
[org.springframework.core.env.PropertySourcesPropertyResolver]Could not find key &apos;mysql.maxWait&apos; in any property source. Returning [null]
[org.springframework.core.env.PropertySourcesPropertyResolver]Searching for key &apos;mysql.maxWait&apos; in [localProperties]
[org.springframework.core.env.PropertySourcesPropertyResolver]Found key &apos;mysql.maxWait&apos; in [localProperties] with type [String] and value &apos;600000&apos;
[org.springframework.core.env.PropertySourcesPropertyResolver]Searching for key &apos;mysql.testOnBorrow&apos; in [environmentProperties]
[org.springframework.core.env.PropertySourcesPropertyResolver]Searching for key &apos;mysql.testOnBorrow&apos; in [servletConfigInitParams]
[org.springframework.core.env.PropertySourcesPropertyResolver]Searching for key &apos;mysql.testOnBorrow&apos; in [servletContextInitParams]
[org.springframework.core.env.PropertySourcesPropertyResolver]Searching for key &apos;mysql.testOnBorrow&apos; in [jndiProperties]
[org.springframework.jndi.JndiTemplate]Looking up JNDI object with name [java:comp/env/mysql.testOnBorrow]
[org.springframework.jndi.JndiLocatorDelegate]Converted JNDI name [java:comp/env/mysql.testOnBorrow] not found - trying original name [mysql.testOnBorrow]. javax.naming.NoInitialContextException: Need to specify class name in environment or system property, or as an applet parameter, or in an application resource file:  java.naming.factory.initial
[org.springframework.jndi.JndiTemplate]Looking up JNDI object with name [mysql.testOnBorrow]
[org.springframework.jndi.JndiPropertySource]JNDI lookup for name [mysql.testOnBorrow] threw NamingException with message: Need to specify class name in environment or system property, or as an applet parameter, or in an application resource file:  java.naming.factory.initial. Returning null.
[org.springframework.core.env.PropertySourcesPropertyResolver]Searching for key &apos;mysql.testOnBorrow&apos; in [systemProperties]
[org.springframework.core.env.PropertySourcesPropertyResolver]Searching for key &apos;mysql.testOnBorrow&apos; in [systemEnvironment]
[org.springframework.core.env.PropertySourcesPropertyResolver]Could not find key &apos;mysql.testOnBorrow&apos; in any property source. Returning [null]
[org.springframework.core.env.PropertySourcesPropertyResolver]Searching for key &apos;mysql.testOnBorrow&apos; in [localProperties]
[org.springframework.core.env.PropertySourcesPropertyResolver]Found key &apos;mysql.testOnBorrow&apos; in [localProperties] with type [String] and value &apos;true&apos;
[org.springframework.core.env.PropertySourcesPropertyResolver]Searching for key &apos;mysql.testWhileIdle&apos; in [environmentProperties]
[org.springframework.core.env.PropertySourcesPropertyResolver]Searching for key &apos;mysql.testWhileIdle&apos; in [servletConfigInitParams]
[org.springframework.core.env.PropertySourcesPropertyResolver]Searching for key &apos;mysql.testWhileIdle&apos; in [servletContextInitParams]
[org.springframework.core.env.PropertySourcesPropertyResolver]Searching for key &apos;mysql.testWhileIdle&apos; in [jndiProperties]
[org.springframework.jndi.JndiTemplate]Looking up JNDI object with name [java:comp/env/mysql.testWhileIdle]
[org.springframework.jndi.JndiLocatorDelegate]Converted JNDI name [java:comp/env/mysql.testWhileIdle] not found - trying original name [mysql.testWhileIdle]. javax.naming.NoInitialContextException: Need to specify class name in environment or system property, or as an applet parameter, or in an application resource file:  java.naming.factory.initial
[org.springframework.jndi.JndiTemplate]Looking up JNDI object with name [mysql.testWhileIdle]
[org.springframework.jndi.JndiPropertySource]JNDI lookup for name [mysql.testWhileIdle] threw NamingException with message: Need to specify class name in environment or system property, or as an applet parameter, or in an application resource file:  java.naming.factory.initial. Returning null.
[org.springframework.core.env.PropertySourcesPropertyResolver]Searching for key &apos;mysql.testWhileIdle&apos; in [systemProperties]
[org.springframework.core.env.PropertySourcesPropertyResolver]Searching for key &apos;mysql.testWhileIdle&apos; in [systemEnvironment]
[org.springframework.core.env.PropertySourcesPropertyResolver]Could not find key &apos;mysql.testWhileIdle&apos; in any property source. Returning [null]
[org.springframework.core.env.PropertySourcesPropertyResolver]Searching for key &apos;mysql.testWhileIdle&apos; in [localProperties]
[org.springframework.core.env.PropertySourcesPropertyResolver]Found key &apos;mysql.testWhileIdle&apos; in [localProperties] with type [String] and value &apos;true&apos;
[org.springframework.beans.factory.support.DefaultListableBeanFactory]Creating shared instance of singleton bean &apos;foo&apos;
[org.springframework.beans.factory.support.DefaultListableBeanFactory]Creating instance of bean &apos;foo&apos;
[org.springframework.beans.factory.support.DefaultListableBeanFactory]Eagerly caching bean &apos;foo&apos; to allow for resolving potential circular references
[org.springframework.beans.factory.support.DefaultListableBeanFactory]Finished creating instance of bean &apos;foo&apos;
[org.springframework.beans.factory.support.DefaultListableBeanFactory]Creating shared instance of singleton bean &apos;org.springframework.context.annotation.internalAutowiredAnnotationProcessor&apos;
[org.springframework.beans.factory.support.DefaultListableBeanFactory]Creating instance of bean &apos;org.springframework.context.annotation.internalAutowiredAnnotationProcessor&apos;
[org.springframework.beans.factory.support.DefaultListableBeanFactory]Eagerly caching bean &apos;org.springframework.context.annotation.internalAutowiredAnnotationProcessor&apos; to allow for resolving potential circular references
[org.springframework.beans.factory.support.DefaultListableBeanFactory]Finished creating instance of bean &apos;org.springframework.context.annotation.internalAutowiredAnnotationProcessor&apos;
[org.springframework.beans.factory.support.DefaultListableBeanFactory]Creating shared instance of singleton bean &apos;org.springframework.context.annotation.internalRequiredAnnotationProcessor&apos;
[org.springframework.beans.factory.support.DefaultListableBeanFactory]Creating instance of bean &apos;org.springframework.context.annotation.internalRequiredAnnotationProcessor&apos;
[org.springframework.beans.factory.support.DefaultListableBeanFactory]Eagerly caching bean &apos;org.springframework.context.annotation.internalRequiredAnnotationProcessor&apos; to allow for resolving potential circular references
[org.springframework.beans.factory.support.DefaultListableBeanFactory]Finished creating instance of bean &apos;org.springframework.context.annotation.internalRequiredAnnotationProcessor&apos;
[org.springframework.beans.factory.support.DefaultListableBeanFactory]Creating shared instance of singleton bean &apos;org.springframework.context.annotation.internalCommonAnnotationProcessor&apos;
[org.springframework.beans.factory.support.DefaultListableBeanFactory]Creating instance of bean &apos;org.springframework.context.annotation.internalCommonAnnotationProcessor&apos;
[org.springframework.beans.factory.support.DefaultListableBeanFactory]Eagerly caching bean &apos;org.springframework.context.annotation.internalCommonAnnotationProcessor&apos; to allow for resolving potential circular references
[org.springframework.beans.factory.support.DefaultListableBeanFactory]Finished creating instance of bean &apos;org.springframework.context.annotation.internalCommonAnnotationProcessor&apos;
[org.springframework.beans.factory.support.DefaultListableBeanFactory]Creating shared instance of singleton bean &apos;org.springframework.context.annotation.internalPersistenceAnnotationProcessor&apos;
[org.springframework.beans.factory.support.DefaultListableBeanFactory]Creating instance of bean &apos;org.springframework.context.annotation.internalPersistenceAnnotationProcessor&apos;
[org.springframework.beans.factory.support.DefaultListableBeanFactory]Eagerly caching bean &apos;org.springframework.context.annotation.internalPersistenceAnnotationProcessor&apos; to allow for resolving potential circular references
[org.springframework.beans.factory.support.DefaultListableBeanFactory]Finished creating instance of bean &apos;org.springframework.context.annotation.internalPersistenceAnnotationProcessor&apos;
[org.springframework.beans.factory.support.DefaultListableBeanFactory]Creating shared instance of singleton bean &apos;org.springframework.data.repository.core.support.RepositoryInterfaceAwareBeanPostProcessor&apos;
[org.springframework.beans.factory.support.DefaultListableBeanFactory]Creating instance of bean &apos;org.springframework.data.repository.core.support.RepositoryInterfaceAwareBeanPostProcessor&apos;
[org.springframework.beans.factory.support.DefaultListableBeanFactory]Eagerly caching bean &apos;org.springframework.data.repository.core.support.RepositoryInterfaceAwareBeanPostProcessor&apos; to allow for resolving potential circular references
[org.springframework.beans.factory.support.DefaultListableBeanFactory]Finished creating instance of bean &apos;org.springframework.data.repository.core.support.RepositoryInterfaceAwareBeanPostProcessor&apos;
[org.springframework.beans.factory.support.DefaultListableBeanFactory]Creating shared instance of singleton bean &apos;org.springframework.context.annotation.ConfigurationClassPostProcessor.importAwareProcessor&apos;
[org.springframework.beans.factory.support.DefaultListableBeanFactory]Creating instance of bean &apos;org.springframework.context.annotation.ConfigurationClassPostProcessor.importAwareProcessor&apos;
[org.springframework.beans.factory.support.DefaultListableBeanFactory]Eagerly caching bean &apos;org.springframework.context.annotation.ConfigurationClassPostProcessor.importAwareProcessor&apos; to allow for resolving potential circular references
[org.springframework.beans.factory.support.DefaultListableBeanFactory]Finished creating instance of bean &apos;org.springframework.context.annotation.ConfigurationClassPostProcessor.importAwareProcessor&apos;
[org.springframework.beans.factory.support.DefaultListableBeanFactory]Creating shared instance of singleton bean &apos;org.springframework.context.annotation.ConfigurationClassPostProcessor.enhancedConfigurationProcessor&apos;
[org.springframework.beans.factory.support.DefaultListableBeanFactory]Creating instance of bean &apos;org.springframework.context.annotation.ConfigurationClassPostProcessor.enhancedConfigurationProcessor&apos;
[org.springframework.beans.factory.support.DefaultListableBeanFactory]Eagerly caching bean &apos;org.springframework.context.annotation.ConfigurationClassPostProcessor.enhancedConfigurationProcessor&apos; to allow for resolving potential circular references
[org.springframework.beans.factory.support.DefaultListableBeanFactory]Finished creating instance of bean &apos;org.springframework.context.annotation.ConfigurationClassPostProcessor.enhancedConfigurationProcessor&apos;
[org.springframework.beans.factory.support.DefaultListableBeanFactory]Creating shared instance of singleton bean &apos;org.springframework.aop.config.internalAutoProxyCreator&apos;
[org.springframework.beans.factory.support.DefaultListableBeanFactory]Creating instance of bean &apos;org.springframework.aop.config.internalAutoProxyCreator&apos;
[org.springframework.beans.factory.support.DefaultListableBeanFactory]Eagerly caching bean &apos;org.springframework.aop.config.internalAutoProxyCreator&apos; to allow for resolving potential circular references
[org.springframework.beans.factory.support.DefaultListableBeanFactory]Finished creating instance of bean &apos;org.springframework.aop.config.internalAutoProxyCreator&apos;
[org.springframework.web.context.support.GenericWebApplicationContext]Unable to locate MessageSource with name &apos;messageSource&apos;: using default [org.springframework.context.support.DelegatingMessageSource@910148]
[org.springframework.web.context.support.GenericWebApplicationContext]Unable to locate ApplicationEventMulticaster with name &apos;applicationEventMulticaster&apos;: using default [org.springframework.context.event.SimpleApplicationEventMulticaster@1f1104d]
[org.springframework.ui.context.support.UiApplicationContextUtils]Unable to locate ThemeSource with name &apos;themeSource&apos;: using default [org.springframework.ui.context.support.ResourceBundleThemeSource@266d09]
[org.springframework.beans.factory.support.DefaultListableBeanFactory]Creating shared instance of singleton bean &apos;entityManagerFactory&apos;
[org.springframework.beans.factory.support.DefaultListableBeanFactory]Creating instance of bean &apos;entityManagerFactory&apos;
[org.springframework.beans.factory.support.DefaultListableBeanFactory]Eagerly caching bean &apos;entityManagerFactory&apos; to allow for resolving potential circular references
[org.springframework.beans.factory.support.DefaultListableBeanFactory]Creating shared instance of singleton bean &apos;dataSource&apos;
[org.springframework.beans.factory.support.DefaultListableBeanFactory]Creating instance of bean &apos;dataSource&apos;
[org.springframework.beans.factory.support.DefaultListableBeanFactory]Eagerly caching bean &apos;dataSource&apos; to allow for resolving potential circular references
[org.springframework.beans.factory.support.DefaultListableBeanFactory]Creating shared instance of singleton bean &apos;org.springframework.transaction.config.internalTransactionAdvisor&apos;
[org.springframework.beans.factory.support.DefaultListableBeanFactory]Creating instance of bean &apos;org.springframework.transaction.config.internalTransactionAdvisor&apos;
[org.springframework.beans.factory.support.DefaultListableBeanFactory]Eagerly caching bean &apos;org.springframework.transaction.config.internalTransactionAdvisor&apos; to allow for resolving potential circular references
[org.springframework.beans.factory.support.DefaultListableBeanFactory]Creating shared instance of singleton bean &apos;org.springframework.transaction.annotation.AnnotationTransactionAttributeSource#0&apos;
[org.springframework.beans.factory.support.DefaultListableBeanFactory]Creating instance of bean &apos;org.springframework.transaction.annotation.AnnotationTransactionAttributeSource#0&apos;
[org.springframework.beans.factory.support.DefaultListableBeanFactory]Eagerly caching bean &apos;org.springframework.transaction.annotation.AnnotationTransactionAttributeSource#0&apos; to allow for resolving potential circular references
[org.springframework.aop.framework.autoproxy.BeanFactoryAdvisorRetrievalHelper]Skipping currently created advisor &apos;org.springframework.transaction.config.internalTransactionAdvisor&apos;
[org.springframework.beans.factory.support.DefaultListableBeanFactory]Finished creating instance of bean &apos;org.springframework.transaction.annotation.AnnotationTransactionAttributeSource#0&apos;
[org.springframework.beans.factory.support.DefaultListableBeanFactory]Finished creating instance of bean &apos;org.springframework.transaction.config.internalTransactionAdvisor&apos;
[org.springframework.beans.factory.support.DefaultListableBeanFactory]Finished creating instance of bean &apos;dataSource&apos;
[org.springframework.beans.factory.support.DefaultListableBeanFactory]Creating instance of bean &apos;org.springframework.orm.jpa.vendor.HibernateJpaVendorAdapter#3ef382&apos;
[org.springframework.beans.factory.support.DefaultListableBeanFactory]Retrieved dependent beans for bean &apos;org.springframework.orm.jpa.vendor.HibernateJpaVendorAdapter#3ef382&apos;: [entityManagerFactory]
[org.springframework.beans.factory.support.DefaultListableBeanFactory]Destroying singletons in org.springframework.beans.factory.support.DefaultListableBeanFactory@798d51: defining beans [org.springframework.context.support.PropertySourcesPlaceholderConfigurer#0,org.springframework.context.annotation.internalConfigurationAnnotationProcessor,org.springframework.context.annotation.internalAutowiredAnnotationProcessor,org.springframework.context.annotation.internalRequiredAnnotationProcessor,org.springframework.context.annotation.internalCommonAnnotationProcessor,org.springframework.context.annotation.internalPersistenceAnnotationProcessor,org.springframework.data.jpa.repository.config.JpaRepositoryConfigExtension#0,org.springframework.data.repository.core.support.RepositoryInterfaceAwareBeanPostProcessor,foo,jpaMappingContext,userDao,dataSource,entityManagerFactory,transactionManager,org.springframework.aop.config.internalAutoProxyCreator,org.springframework.transaction.annotation.AnnotationTransactionAttributeSource#0,org.springframework.transaction.interceptor.TransactionInterceptor#0,org.springframework.transaction.config.internalTransactionAdvisor,hibernateJpaVendorAdapter,org.springframework.context.annotation.ConfigurationClassPostProcessor.importAwareProcessor,org.springframework.context.annotation.ConfigurationClassPostProcessor.enhancedConfigurationProcessor,org.springframework.orm.jpa.SharedEntityManagerCreator#0]; root of factory hierarchy
[org.springframework.beans.factory.support.DisposableBeanAdapter]Invoking destroy method &apos;close&apos; on bean with name &apos;dataSource&apos;
[org.springframework.test.context.TestContextManager]Caught exception while allowing TestExecutionListener [org.springframework.test.context.web.ServletTestExecutionListener@883b15] to prepare test instance [com.test.user.UserTest@1641d39]
java.lang.IllegalStateException: Failed to load ApplicationContext
	at org.springframework.test.context.CacheAwareContextLoaderDelegate.loadContext(CacheAwareContextLoaderDelegate.java:99)
	at org.springframework.test.context.DefaultTestContext.getApplicationContext(DefaultTestContext.java:101)
	at org.springframework.test.context.web.ServletTestExecutionListener.setUpRequestContextIfNecessary(ServletTestExecutionListener.java:161)
	at org.springframework.test.context.web.ServletTestExecutionListener.prepareTestInstance(ServletTestExecutionListener.java:101)
	at org.springframework.test.context.TestContextManager.prepareTestInstance(TestContextManager.java:331)
	at org.springframework.test.context.junit4.SpringJUnit4ClassRunner.createTest(SpringJUnit4ClassRunner.java:213)
	at org.springframework.test.context.junit4.SpringJUnit4ClassRunner$1.runReflectiveCall(SpringJUnit4ClassRunner.java:290)
	at org.junit.internal.runners.model.ReflectiveCallable.run(ReflectiveCallable.java:15)
	at org.springframework.test.context.junit4.SpringJUnit4ClassRunner.methodBlock(SpringJUnit4ClassRunner.java:292)
	at org.springframework.test.context.junit4.SpringJUnit4ClassRunner.runChild(SpringJUnit4ClassRunner.java:233)
	at org.springframework.test.context.junit4.SpringJUnit4ClassRunner.runChild(SpringJUnit4ClassRunner.java:87)
	at org.junit.runners.ParentRunner$3.run(ParentRunner.java:231)
	at org.junit.runners.ParentRunner$1.schedule(ParentRunner.java:60)
	at org.junit.runners.ParentRunner.runChildren(ParentRunner.java:229)
	at org.junit.runners.ParentRunner.access$000(ParentRunner.java:50)
	at org.junit.runners.ParentRunner$2.evaluate(ParentRunner.java:222)
	at org.springframework.test.context.junit4.statements.RunBeforeTestClassCallbacks.evaluate(RunBeforeTestClassCallbacks.java:61)
	at org.springframework.test.context.junit4.statements.RunAfterTestClassCallbacks.evaluate(RunAfterTestClassCallbacks.java:71)
	at org.junit.runners.ParentRunner.run(ParentRunner.java:300)
	at org.springframework.test.context.junit4.SpringJUnit4ClassRunner.run(SpringJUnit4ClassRunner.java:176)
	at org.apache.maven.surefire.junit4.JUnit4Provider.execute(JUnit4Provider.java:252)
	at org.apache.maven.surefire.junit4.JUnit4Provider.executeTestSet(JUnit4Provider.java:141)
	at org.apache.maven.surefire.junit4.JUnit4Provider.invoke(JUnit4Provider.java:112)
	at sun.reflect.NativeMethodAccessorImpl.invoke0(Native Method)
	at sun.reflect.NativeMethodAccessorImpl.invoke(NativeMethodAccessorImpl.java:62)
	at sun.reflect.DelegatingMethodAccessorImpl.invoke(DelegatingMethodAccessorImpl.java:43)
	at java.lang.reflect.Method.invoke(Method.java:483)
	at org.apache.maven.surefire.util.ReflectionUtils.invokeMethodWithArray(ReflectionUtils.java:189)
	at org.apache.maven.surefire.booter.ProviderFactory$ProviderProxy.invoke(ProviderFactory.java:165)
	at org.apache.maven.surefire.booter.ProviderFactory.invokeProvider(ProviderFactory.java:85)
	at org.apache.maven.surefire.booter.ForkedBooter.runSuitesInProcess(ForkedBooter.java:115)
	at org.apache.maven.surefire.booter.ForkedBooter.main(ForkedBooter.java:75)
Caused by: org.springframework.beans.factory.BeanCreationException: Error creating bean with name &apos;entityManagerFactory&apos; defined in file [F:\eclipse_project\Spring_Data_JPA\target\classes\applicationContext-hibernate.xml]: Cannot create inner bean &apos;org.springframework.orm.jpa.vendor.HibernateJpaVendorAdapter#3ef382&apos; of type [org.springframework.orm.jpa.vendor.HibernateJpaVendorAdapter] while setting bean property &apos;jpaVendorAdapter&apos;; nested exception is org.springframework.beans.factory.BeanCreationException: Error creating bean with name &apos;org.springframework.orm.jpa.vendor.HibernateJpaVendorAdapter#3ef382&apos; defined in file [F:\eclipse_project\Spring_Data_JPA\target\classes\applicationContext-hibernate.xml]: Instantiation of bean failed; nested exception is org.springframework.beans.BeanInstantiationException: Could not instantiate bean class [org.springframework.orm.jpa.vendor.HibernateJpaVendorAdapter]: Constructor threw exception; nested exception is java.lang.NoClassDefFoundError: org/hibernate/ejb/HibernatePersistence
	at org.springframework.beans.factory.support.BeanDefinitionValueResolver.resolveInnerBean(BeanDefinitionValueResolver.java:290)
	at org.springframework.beans.factory.support.BeanDefinitionValueResolver.resolveValueIfNecessary(BeanDefinitionValueResolver.java:122)
	at org.springframework.beans.factory.support.AbstractAutowireCapableBeanFactory.applyPropertyValues(AbstractAutowireCapableBeanFactory.java:1456)
	at org.springframework.beans.factory.support.AbstractAutowireCapableBeanFactory.populateBean(AbstractAutowireCapableBeanFactory.java:1197)
	at org.springframework.beans.factory.support.AbstractAutowireCapableBeanFactory.doCreateBean(AbstractAutowireCapableBeanFactory.java:537)
	at org.springframework.beans.factory.support.AbstractAutowireCapableBeanFactory.createBean(AbstractAutowireCapableBeanFactory.java:475)
	at org.springframework.beans.factory.support.AbstractBeanFactory$1.getObject(AbstractBeanFactory.java:304)
	at org.springframework.beans.factory.support.DefaultSingletonBeanRegistry.getSingleton(DefaultSingletonBeanRegistry.java:228)
	at org.springframework.beans.factory.support.AbstractBeanFactory.doGetBean(AbstractBeanFactory.java:300)
	at org.springframework.beans.factory.support.AbstractBeanFactory.getBean(AbstractBeanFactory.java:195)
	at org.springframework.context.support.AbstractApplicationContext.getBean(AbstractApplicationContext.java:973)
	at org.springframework.context.support.AbstractApplicationContext.finishBeanFactoryInitialization(AbstractApplicationContext.java:750)
	at org.springframework.context.support.AbstractApplicationContext.refresh(AbstractApplicationContext.java:482)
	at org.springframework.test.context.web.AbstractGenericWebContextLoader.loadContext(AbstractGenericWebContextLoader.java:132)
	at org.springframework.test.context.web.AbstractGenericWebContextLoader.loadContext(AbstractGenericWebContextLoader.java:59)
	at org.springframework.test.context.support.AbstractDelegatingSmartContextLoader.delegateLoading(AbstractDelegatingSmartContextLoader.java:100)
	at org.springframework.test.context.support.AbstractDelegatingSmartContextLoader.loadContext(AbstractDelegatingSmartContextLoader.java:250)
	at org.springframework.test.context.CacheAwareContextLoaderDelegate.loadContextInternal(CacheAwareContextLoaderDelegate.java:64)
	at org.springframework.test.context.CacheAwareContextLoaderDelegate.loadContext(CacheAwareContextLoaderDelegate.java:91)
	... 31 more
Caused by: org.springframework.beans.factory.BeanCreationException: Error creating bean with name &apos;org.springframework.orm.jpa.vendor.HibernateJpaVendorAdapter#3ef382&apos; defined in file [F:\eclipse_project\Spring_Data_JPA\target\classes\applicationContext-hibernate.xml]: Instantiation of bean failed; nested exception is org.springframework.beans.BeanInstantiationException: Could not instantiate bean class [org.springframework.orm.jpa.vendor.HibernateJpaVendorAdapter]: Constructor threw exception; nested exception is java.lang.NoClassDefFoundError: org/hibernate/ejb/HibernatePersistence
	at org.springframework.beans.factory.support.AbstractAutowireCapableBeanFactory.instantiateBean(AbstractAutowireCapableBeanFactory.java:1076)
	at org.springframework.beans.factory.support.AbstractAutowireCapableBeanFactory.createBeanInstance(AbstractAutowireCapableBeanFactory.java:1021)
	at org.springframework.beans.factory.support.AbstractAutowireCapableBeanFactory.doCreateBean(AbstractAutowireCapableBeanFactory.java:504)
	at org.springframework.beans.factory.support.AbstractAutowireCapableBeanFactory.createBean(AbstractAutowireCapableBeanFactory.java:475)
	at org.springframework.beans.factory.support.BeanDefinitionValueResolver.resolveInnerBean(BeanDefinitionValueResolver.java:276)
	... 49 more
Caused by: org.springframework.beans.BeanInstantiationException: Could not instantiate bean class [org.springframework.orm.jpa.vendor.HibernateJpaVendorAdapter]: Constructor threw exception; nested exception is java.lang.NoClassDefFoundError: org/hibernate/ejb/HibernatePersistence
	at org.springframework.beans.BeanUtils.instantiateClass(BeanUtils.java:164)
	at org.springframework.beans.factory.support.SimpleInstantiationStrategy.instantiate(SimpleInstantiationStrategy.java:89)
	at org.springframework.beans.factory.support.AbstractAutowireCapableBeanFactory.instantiateBean(AbstractAutowireCapableBeanFactory.java:1069)
	... 53 more
Caused by: java.lang.NoClassDefFoundError: org/hibernate/ejb/HibernatePersistence
	at org.springframework.orm.jpa.vendor.HibernateJpaVendorAdapter.&lt;init&gt;(HibernateJpaVendorAdapter.java:84)
	at sun.reflect.NativeConstructorAccessorImpl.newInstance0(Native Method)
	at sun.reflect.NativeConstructorAccessorImpl.newInstance(NativeConstructorAccessorImpl.java:62)
	at sun.reflect.DelegatingConstructorAccessorImpl.newInstance(DelegatingConstructorAccessorImpl.java:45)
	at java.lang.reflect.Constructor.newInstance(Constructor.java:408)
	at org.springframework.beans.BeanUtils.instantiateClass(BeanUtils.java:148)
	... 55 more
Caused by: java.lang.ClassNotFoundException: org.hibernate.ejb.HibernatePersistence
	at java.net.URLClassLoader$1.run(URLClassLoader.java:372)
	at java.net.URLClassLoader$1.run(URLClassLoader.java:361)
	at java.security.AccessController.doPrivileged(Native Method)
	at java.net.URLClassLoader.findClass(URLClassLoader.java:360)
	at java.lang.ClassLoader.loadClass(ClassLoader.java:424)
	at sun.misc.Launcher$AppClassLoader.loadClass(Launcher.java:308)
	at java.lang.ClassLoader.loadClass(ClassLoader.java:357)
	... 61 more
</system-out>
  </testcase>
</testsuite>